<?xml version='1.0' encoding='utf-8'?>
<coverage generated="14-03-23" clover="7.2.1"><project timestamp="14-03-23"><metrics packages="1" elements="3261" coveredelements="1562" statements="2569" coveredstatements="1359" conditionals="692" coveredconditionals="203" files="35" loc="3544" ncloc="2569" classes="35" /><package name=""><metrics elements="3261" coveredelements="1562" statements="2569" coveredstatements="1359" conditionals="692" coveredconditionals="203" files="35" classes="35" loc="3544" ncloc="2569" /><class name="__init__.py" filename="flambda_app/vos/__init__.py"><metrics elements="25" coveredelements="15" statements="23" coveredstatements="15" conditionals="2" coveredconditionals="0" files="1" loc="32" ncloc="23" /></class><class name="api_schemas.py" filename="flambda_app/openapi/api_schemas.py"><metrics elements="58" coveredelements="58" statements="58" coveredstatements="58" conditionals="0" coveredconditionals="0" files="1" loc="65" ncloc="58" /></class><class name="app.py" filename="app.py"><metrics elements="155" coveredelements="61" statements="141" coveredstatements="60" conditionals="14" coveredconditionals="1" files="1" loc="288" ncloc="141" /></class><class name="boot.py" filename="boot.py"><metrics elements="271" coveredelements="162" statements="179" coveredstatements="120" conditionals="92" coveredconditionals="42" files="1" loc="240" ncloc="179" /></class><class name="config.py" filename="flambda_app/config.py"><metrics elements="62" coveredelements="55" statements="46" coveredstatements="42" conditionals="16" coveredconditionals="13" files="1" loc="63" ncloc="46" /></class><class name="constants.py" filename="flambda_app/constants.py"><metrics elements="3" coveredelements="3" statements="3" coveredstatements="3" conditionals="0" coveredconditionals="0" files="1" loc="7" ncloc="3" /></class><class name="elk_resource.py" filename="flambda_app/logging_resources/elk_resource.py"><metrics elements="54" coveredelements="5" statements="44" coveredstatements="5" conditionals="10" coveredconditionals="0" files="1" loc="63" ncloc="44" /></class><class name="event_manager.py" filename="flambda_app/services/event_manager.py"><metrics elements="84" coveredelements="17" statements="70" coveredstatements="17" conditionals="14" coveredconditionals="0" files="1" loc="91" ncloc="70" /></class><class name="events.py" filename="flambda_app/vos/events.py"><metrics elements="9" coveredelements="5" statements="9" coveredstatements="5" conditionals="0" coveredconditionals="0" files="1" loc="13" ncloc="9" /></class><class name="exceptions.py" filename="flambda_app/exceptions.py"><metrics elements="87" coveredelements="23" statements="77" coveredstatements="23" conditionals="10" coveredconditionals="0" files="1" loc="115" ncloc="77" /></class><class name="filter_helper.py" filename="flambda_app/filter_helper.py"><metrics elements="47" coveredelements="5" statements="31" coveredstatements="5" conditionals="16" coveredconditionals="0" files="1" loc="35" ncloc="31" /></class><class name="flambda.py" filename="flambda_app/flambda.py"><metrics elements="8" coveredelements="5" statements="8" coveredstatements="5" conditionals="0" coveredconditionals="0" files="1" loc="13" ncloc="8" /></class><class name="flask_request_parser.py" filename="flambda_app/http_resources/parsers/flask_request_parser.py"><metrics elements="170" coveredelements="11" statements="106" coveredstatements="11" conditionals="64" coveredconditionals="0" files="1" loc="147" ncloc="106" /></class><class name="hateos.py" filename="flambda_app/http_resources/hateos.py"><metrics elements="21" coveredelements="21" statements="21" coveredstatements="21" conditionals="0" coveredconditionals="0" files="1" loc="27" ncloc="21" /></class><class name="healthcheck_manager.py" filename="flambda_app/services/healthcheck_manager.py"><metrics elements="23" coveredelements="20" statements="21" coveredstatements="19" conditionals="2" coveredconditionals="1" files="1" loc="34" ncloc="21" /></class><class name="healthcheck_service.py" filename="flambda_app/services/v1/healthcheck_service.py"><metrics elements="68" coveredelements="62" statements="54" coveredstatements="50" conditionals="14" coveredconditionals="12" files="1" loc="75" ncloc="54" /></class><class name="helper.py" filename="flambda_app/helper.py"><metrics elements="241" coveredelements="99" statements="167" coveredstatements="77" conditionals="74" coveredconditionals="22" files="1" loc="201" ncloc="167" /></class><class name="http_helper.py" filename="flambda_app/http_helper.py"><metrics elements="68" coveredelements="17" statements="52" coveredstatements="14" conditionals="16" coveredconditionals="3" files="1" loc="65" ncloc="52" /></class><class name="logging.py" filename="flambda_app/logging.py"><metrics elements="208" coveredelements="128" statements="148" coveredstatements="93" conditionals="60" coveredconditionals="35" files="1" loc="187" ncloc="148" /></class><class name="messages.py" filename="flambda_app/enums/messages.py"><metrics elements="38" coveredelements="38" statements="38" coveredstatements="38" conditionals="0" coveredconditionals="0" files="1" loc="48" ncloc="38" /></class><class name="mysql.py" filename="flambda_app/database/mysql.py"><metrics elements="53" coveredelements="11" statements="43" coveredstatements="11" conditionals="10" coveredconditionals="0" files="1" loc="66" ncloc="43" /></class><class name="newrelic_resource.py" filename="flambda_app/logging_resources/newrelic_resource.py"><metrics elements="40" coveredelements="2" statements="34" coveredstatements="2" conditionals="6" coveredconditionals="0" files="1" loc="44" ncloc="34" /></class><class name="ocoren_event_service.py" filename="flambda_app/services/v1/ocoren_event_service.py"><metrics elements="26" coveredelements="7" statements="24" coveredstatements="7" conditionals="2" coveredconditionals="0" files="1" loc="39" ncloc="24" /></class><class name="product.py" filename="flambda_app/vos/product.py"><metrics elements="14" coveredelements="14" statements="14" coveredstatements="14" conditionals="0" coveredconditionals="0" files="1" loc="14" ncloc="14" /></class><class name="product_repository.py" filename="flambda_app/repositories/v1/redis/product_repository.py"><metrics elements="90" coveredelements="62" statements="68" coveredstatements="50" conditionals="22" coveredconditionals="12" files="1" loc="80" ncloc="68" /></class><class name="redis.py" filename="flambda_app/database/redis.py"><metrics elements="61" coveredelements="11" statements="51" coveredstatements="11" conditionals="10" coveredconditionals="0" files="1" loc="71" ncloc="51" /></class><class name="request.py" filename="flambda_app/http_resources/request.py"><metrics elements="80" coveredelements="19" statements="78" coveredstatements="19" conditionals="2" coveredconditionals="0" files="1" loc="96" ncloc="78" /></class><class name="request_control.py" filename="flambda_app/request_control.py"><metrics elements="42" coveredelements="20" statements="30" coveredstatements="18" conditionals="12" coveredconditionals="2" files="1" loc="43" ncloc="30" /></class><class name="resources.py" filename="flambda_app/services/v1/healthcheck/resources.py"><metrics elements="127" coveredelements="87" statements="105" coveredstatements="76" conditionals="22" coveredconditionals="11" files="1" loc="127" ncloc="105" /></class><class name="response.py" filename="flambda_app/http_resources/response.py"><metrics elements="140" coveredelements="51" statements="110" coveredstatements="49" conditionals="30" coveredconditionals="2" files="1" loc="172" ncloc="110" /></class><class name="schemas.py" filename="flambda_app/openapi/schemas.py"><metrics elements="47" coveredelements="47" statements="47" coveredstatements="47" conditionals="0" coveredconditionals="0" files="1" loc="51" ncloc="47" /></class><class name="secrets.py" filename="flambda_app/aws/secrets.py"><metrics elements="48" coveredelements="10" statements="44" coveredstatements="10" conditionals="4" coveredconditionals="0" files="1" loc="68" ncloc="44" /></class><class name="sqs.py" filename="flambda_app/aws/sqs.py"><metrics elements="156" coveredelements="61" statements="124" coveredstatements="54" conditionals="32" coveredconditionals="7" files="1" loc="161" ncloc="124" /></class><class name="tracker.py" filename="flambda_app/events/tracker.py"><metrics elements="9" coveredelements="5" statements="9" coveredstatements="5" conditionals="0" coveredconditionals="0" files="1" loc="19" ncloc="9" /></class><class name="wrappers.py" filename="flambda_app/decorators/wrappers.py"><metrics elements="34" coveredelements="11" statements="28" coveredstatements="11" conditionals="6" coveredconditionals="0" files="1" loc="43" ncloc="28" /></class></package></project></coverage>