<?xml version='1.0' encoding='utf-8'?>
<coverage generated="14-03-23" clover="6.4.4"><project timestamp="14-03-23"><metrics packages="1" elements="2421" coveredelements="1146" statements="1789" coveredstatements="904" conditionals="632" coveredconditionals="242" files="26" loc="2430" ncloc="1789" classes="26" /><package name=""><metrics elements="2421" coveredelements="1146" statements="1789" coveredstatements="904" conditionals="632" coveredconditionals="242" files="26" classes="26" loc="2430" ncloc="1789" /><class name="__init__.py" filename="flambda_app/vos/__init__.py"><metrics elements="41" coveredelements="19" statements="33" coveredstatements="17" conditionals="8" coveredconditionals="2" files="1" loc="49" ncloc="33" /></class><class name="app.py" filename="app.py"><metrics elements="26" coveredelements="25" statements="24" coveredstatements="24" conditionals="2" coveredconditionals="1" files="1" loc="45" ncloc="24" /></class><class name="boot.py" filename="boot.py"><metrics elements="271" coveredelements="162" statements="179" coveredstatements="120" conditionals="92" coveredconditionals="42" files="1" loc="240" ncloc="179" /></class><class name="carrier_notifier_service.py" filename="flambda_app/services/v1/carrier_notifier_service.py"><metrics elements="65" coveredelements="13" statements="53" coveredstatements="11" conditionals="12" coveredconditionals="2" files="1" loc="62" ncloc="53" /></class><class name="config.py" filename="flambda_app/config.py"><metrics elements="64" coveredelements="57" statements="46" coveredstatements="42" conditionals="18" coveredconditionals="15" files="1" loc="63" ncloc="46" /></class><class name="constants.py" filename="flambda_app/constants.py"><metrics elements="3" coveredelements="3" statements="3" coveredstatements="3" conditionals="0" coveredconditionals="0" files="1" loc="7" ncloc="3" /></class><class name="elk_resource.py" filename="flambda_app/logging_resources/elk_resource.py"><metrics elements="59" coveredelements="22" statements="47" coveredstatements="20" conditionals="12" coveredconditionals="2" files="1" loc="66" ncloc="47" /></class><class name="events.py" filename="flambda_app/decorators/events.py"><metrics elements="43" coveredelements="30" statements="31" coveredstatements="20" conditionals="12" coveredconditionals="10" files="1" loc="36" ncloc="31" /></class><class name="events_helper.py" filename="flambda_app/events_helper.py"><metrics elements="97" coveredelements="8" statements="69" coveredstatements="8" conditionals="28" coveredconditionals="0" files="1" loc="84" ncloc="69" /></class><class name="exceptions.py" filename="flambda_app/exceptions.py"><metrics elements="101" coveredelements="37" statements="77" coveredstatements="23" conditionals="24" coveredconditionals="14" files="1" loc="115" ncloc="77" /></class><class name="flambda.py" filename="flambda_app/flambda.py"><metrics elements="12" coveredelements="7" statements="8" coveredstatements="5" conditionals="4" coveredconditionals="2" files="1" loc="13" ncloc="8" /></class><class name="helper.py" filename="flambda_app/helper.py"><metrics elements="241" coveredelements="66" statements="167" coveredstatements="57" conditionals="74" coveredconditionals="9" files="1" loc="201" ncloc="167" /></class><class name="logging.py" filename="flambda_app/logging.py"><metrics elements="210" coveredelements="133" statements="148" coveredstatements="95" conditionals="62" coveredconditionals="38" files="1" loc="187" ncloc="148" /></class><class name="messages.py" filename="flambda_app/enums/messages.py"><metrics elements="40" coveredelements="40" statements="38" coveredstatements="38" conditionals="2" coveredconditionals="2" files="1" loc="48" ncloc="38" /></class><class name="mysql.py" filename="flambda_app/database/mysql.py"><metrics elements="55" coveredelements="13" statements="43" coveredstatements="11" conditionals="12" coveredconditionals="2" files="1" loc="66" ncloc="43" /></class><class name="newrelic_resource.py" filename="flambda_app/logging_resources/newrelic_resource.py"><metrics elements="42" coveredelements="23" statements="34" coveredstatements="20" conditionals="8" coveredconditionals="3" files="1" loc="44" ncloc="34" /></class><class name="ocoren.py" filename="flambda_app/vos/ocoren.py"><metrics elements="15" coveredelements="7" statements="13" coveredstatements="5" conditionals="2" coveredconditionals="2" files="1" loc="18" ncloc="13" /></class><class name="ocoren_repository.py" filename="flambda_app/repositories/v1/mysql/ocoren_repository.py"><metrics elements="118" coveredelements="15" statements="92" coveredstatements="13" conditionals="26" coveredconditionals="2" files="1" loc="126" ncloc="92" /></class><class name="product.py" filename="flambda_app/vos/product.py"><metrics elements="16" coveredelements="16" statements="14" coveredstatements="14" conditionals="2" coveredconditionals="2" files="1" loc="26" ncloc="14" /></class><class name="product_repository.py" filename="flambda_app/repositories/v1/redis/product_repository.py"><metrics elements="92" coveredelements="64" statements="68" coveredstatements="50" conditionals="24" coveredconditionals="14" files="1" loc="80" ncloc="68" /></class><class name="redis.py" filename="flambda_app/database/redis.py"><metrics elements="63" coveredelements="13" statements="51" coveredstatements="11" conditionals="12" coveredconditionals="2" files="1" loc="71" ncloc="51" /></class><class name="request_control.py" filename="flambda_app/request_control.py"><metrics elements="48" coveredelements="26" statements="30" coveredstatements="18" conditionals="18" coveredconditionals="8" files="1" loc="43" ncloc="30" /></class><class name="secrets.py" filename="flambda_app/aws/secrets.py"><metrics elements="50" coveredelements="12" statements="44" coveredstatements="10" conditionals="6" coveredconditionals="2" files="1" loc="68" ncloc="44" /></class><class name="sqs.py" filename="flambda_app/aws/sqs.py"><metrics elements="158" coveredelements="63" statements="124" coveredstatements="54" conditionals="34" coveredconditionals="9" files="1" loc="161" ncloc="124" /></class><class name="tracker.py" filename="flambda_app/events/tracker.py"><metrics elements="11" coveredelements="7" statements="9" coveredstatements="5" conditionals="2" coveredconditionals="2" files="1" loc="19" ncloc="9" /></class><class name="wrappers.py" filename="flambda_app/decorators/wrappers.py"><metrics elements="40" coveredelements="31" statements="28" coveredstatements="23" conditionals="12" coveredconditionals="8" files="1" loc="43" ncloc="28" /></class></package></project></coverage>