<?xml version='1.0' encoding='utf-8'?>
<coverage generated="14-03-23" clover="6.4.4"><project timestamp="14-03-23"><metrics packages="1" elements="2270" coveredelements="1407" statements="1664" coveredstatements="1110" conditionals="606" coveredconditionals="297" files="23" loc="2252" ncloc="1664" classes="23" /><package name=""><metrics elements="2270" coveredelements="1407" statements="1664" coveredstatements="1110" conditionals="606" coveredconditionals="297" files="23" classes="23" loc="2252" ncloc="1664" /><class name="__init__.py" filename="flambda_app/vos/__init__.py"><metrics elements="41" coveredelements="19" statements="33" coveredstatements="17" conditionals="8" coveredconditionals="2" files="1" loc="49" ncloc="33" /></class><class name="app.py" filename="app.py"><metrics elements="26" coveredelements="25" statements="24" coveredstatements="24" conditionals="2" coveredconditionals="1" files="1" loc="45" ncloc="24" /></class><class name="boot.py" filename="boot.py"><metrics elements="271" coveredelements="132" statements="179" coveredstatements="98" conditionals="92" coveredconditionals="34" files="1" loc="240" ncloc="179" /></class><class name="carrier_notifier_service.py" filename="flambda_app/services/v1/carrier_notifier_service.py"><metrics elements="65" coveredelements="56" statements="53" coveredstatements="47" conditionals="12" coveredconditionals="9" files="1" loc="62" ncloc="53" /></class><class name="config.py" filename="flambda_app/config.py"><metrics elements="64" coveredelements="50" statements="46" coveredstatements="39" conditionals="18" coveredconditionals="11" files="1" loc="63" ncloc="46" /></class><class name="constants.py" filename="flambda_app/constants.py"><metrics elements="3" coveredelements="3" statements="3" coveredstatements="3" conditionals="0" coveredconditionals="0" files="1" loc="7" ncloc="3" /></class><class name="events.py" filename="flambda_app/decorators/events.py"><metrics elements="43" coveredelements="36" statements="31" coveredstatements="24" conditionals="12" coveredconditionals="12" files="1" loc="36" ncloc="31" /></class><class name="events_helper.py" filename="flambda_app/events_helper.py"><metrics elements="97" coveredelements="65" statements="69" coveredstatements="48" conditionals="28" coveredconditionals="17" files="1" loc="84" ncloc="69" /></class><class name="exceptions.py" filename="flambda_app/exceptions.py"><metrics elements="101" coveredelements="49" statements="77" coveredstatements="35" conditionals="24" coveredconditionals="14" files="1" loc="115" ncloc="77" /></class><class name="flambda.py" filename="flambda_app/flambda.py"><metrics elements="12" coveredelements="7" statements="8" coveredstatements="5" conditionals="4" coveredconditionals="2" files="1" loc="13" ncloc="8" /></class><class name="helper.py" filename="flambda_app/helper.py"><metrics elements="241" coveredelements="82" statements="167" coveredstatements="68" conditionals="74" coveredconditionals="14" files="1" loc="201" ncloc="167" /></class><class name="logging.py" filename="flambda_app/logging.py"><metrics elements="210" coveredelements="112" statements="148" coveredstatements="82" conditionals="62" coveredconditionals="30" files="1" loc="187" ncloc="148" /></class><class name="messages.py" filename="flambda_app/enums/messages.py"><metrics elements="40" coveredelements="40" statements="38" coveredstatements="38" conditionals="2" coveredconditionals="2" files="1" loc="48" ncloc="38" /></class><class name="mysql.py" filename="flambda_app/database/mysql.py"><metrics elements="55" coveredelements="49" statements="43" coveredstatements="40" conditionals="12" coveredconditionals="9" files="1" loc="66" ncloc="43" /></class><class name="ocoren.py" filename="flambda_app/vos/ocoren.py"><metrics elements="15" coveredelements="15" statements="13" coveredstatements="13" conditionals="2" coveredconditionals="2" files="1" loc="18" ncloc="13" /></class><class name="ocoren_repository.py" filename="flambda_app/repositories/v1/mysql/ocoren_repository.py"><metrics elements="118" coveredelements="100" statements="92" coveredstatements="76" conditionals="26" coveredconditionals="24" files="1" loc="126" ncloc="92" /></class><class name="product.py" filename="flambda_app/vos/product.py"><metrics elements="16" coveredelements="16" statements="14" coveredstatements="14" conditionals="2" coveredconditionals="2" files="1" loc="26" ncloc="14" /></class><class name="product_repository.py" filename="flambda_app/repositories/v1/redis/product_repository.py"><metrics elements="92" coveredelements="70" statements="68" coveredstatements="54" conditionals="24" coveredconditionals="16" files="1" loc="80" ncloc="68" /></class><class name="redis.py" filename="flambda_app/database/redis.py"><metrics elements="63" coveredelements="62" statements="51" coveredstatements="51" conditionals="12" coveredconditionals="11" files="1" loc="71" ncloc="51" /></class><class name="request_control.py" filename="flambda_app/request_control.py"><metrics elements="48" coveredelements="26" statements="30" coveredstatements="18" conditionals="18" coveredconditionals="8" files="1" loc="43" ncloc="30" /></class><class name="sqs.py" filename="flambda_app/aws/sqs.py"><metrics elements="158" coveredelements="110" statements="124" coveredstatements="91" conditionals="34" coveredconditionals="19" files="1" loc="161" ncloc="124" /></class><class name="tracker.py" filename="flambda_app/events/tracker.py"><metrics elements="11" coveredelements="10" statements="9" coveredstatements="8" conditionals="2" coveredconditionals="2" files="1" loc="19" ncloc="9" /></class><class name="wrappers.py" filename="flambda_app/decorators/wrappers.py"><metrics elements="40" coveredelements="31" statements="28" coveredstatements="23" conditionals="12" coveredconditionals="8" files="1" loc="43" ncloc="28" /></class></package></project></coverage>